# JRE version: OpenJDK Runtime Environment (8.0_362-b09) (build 1.8.0_362-b09)
# Java VM: OpenJDK 64-Bit Server VM (25.362-b09 mixed mode windows-amd64 compressed oops)
Heap:
 PSYoungGen      total 1228288K, used 14916K [0x000000076cd00000, 0x00000007c0000000, 0x00000007c0000000)
  eden space 1220608K, 1% used [0x000000076cd00000,0x000000076db913a8,0x00000007b7500000)
  from space 7680K, 0% used [0x00000007b7500000,0x00000007b7500000,0x00000007b7c80000)
  to   space 73216K, 0% used [0x00000007bb880000,0x00000007bb880000,0x00000007c0000000)
 ParOldGen       total 452096K, used 291196K [0x00000006c6600000, 0x00000006e1f80000, 0x000000076cd00000)
  object space 452096K, 64% used [0x00000006c6600000,0x00000006d825f030,0x00000006e1f80000)
 Metaspace       used 98234K, capacity 111552K, committed 111772K, reserved 1144832K
  class space    used 14136K, capacity 17267K, committed 17356K, reserved 1048576K
GC Heap History (10 events):
Event: 93.721 GC heap before
{Heap before GC invocations=69 (full 4):
 PSYoungGen      total 1291264K, used 60297K [0x000000076cd00000, 0x00000007c0000000, 0x00000007c0000000)
  eden space 1230848K, 0% used [0x000000076cd00000,0x000000076cd00000,0x00000007b7f00000)
  from space 60416K, 99% used [0x00000007b7f00000,0x00000007bb9e2408,0x00000007bba00000)
  to   space 71680K, 0% used [0x00000007bba00000,0x00000007bba00000,0x00000007c0000000)
 ParOldGen       total 294400K, used 244519K [0x00000006c6600000, 0x00000006d8580000, 0x000000076cd00000)
  object space 294400K, 83% used [0x00000006c6600000,0x00000006d54c9f70,0x00000006d8580000)
 Metaspace       used 87186K, capacity 98488K, committed 98608K, reserved 1132544K
  class space    used 12703K, capacity 15483K, committed 15564K, reserved 1048576K
Event: 96.850 GC heap after
Heap after GC invocations=69 (full 4):
 PSYoungGen      total 1291264K, used 2785K [0x000000076cd00000, 0x00000007c0000000, 0x00000007c0000000)
  eden space 1230848K, 0% used [0x000000076cd00000,0x000000076cd00000,0x00000007b7f00000)
  from space 60416K, 4% used [0x00000007b7f00000,0x00000007b81b85d0,0x00000007bba00000)
  to   space 71680K, 0% used [0x00000007bba00000,0x00000007bba00000,0x00000007c0000000)
 ParOldGen       total 452096K, used 294357K [0x00000006c6600000, 0x00000006e1f80000, 0x000000076cd00000)
  object space 452096K, 65% used [0x00000006c6600000,0x00000006d8575680,0x00000006e1f80000)
 Metaspace       used 87154K, capacity 98398K, committed 98608K, reserved 1132544K
  class space    used 12691K, capacity 15464K, committed 15564K, reserved 1048576K
}
Event: 119.532 GC heap before
{Heap before GC invocations=70 (full 4):
 PSYoungGen      total 1291264K, used 707952K [0x000000076cd00000, 0x00000007c0000000, 0x00000007c0000000)
  eden space 1230848K, 57% used [0x000000076cd00000,0x0000000797da3a80,0x00000007b7f00000)
  from space 60416K, 4% used [0x00000007b7f00000,0x00000007b81b85d0,0x00000007bba00000)
  to   space 71680K, 0% used [0x00000007bba00000,0x00000007bba00000,0x00000007c0000000)
 ParOldGen       total 452096K, used 294357K [0x00000006c6600000, 0x00000006e1f80000, 0x000000076cd00000)
  object space 452096K, 65% used [0x00000006c6600000,0x00000006d8575680,0x00000006e1f80000)
 Metaspace       used 97932K, capacity 111138K, committed 111260K, reserved 1142784K
  class space    used 14096K, capacity 17238K, committed 17356K, reserved 1048576K
Event: 119.586 GC heap after
Heap after GC invocations=70 (full 4):
 PSYoungGen      total 1292288K, used 46171K [0x000000076cd00000, 0x00000007c0000000, 0x00000007c0000000)
  eden space 1220608K, 0% used [0x000000076cd00000,0x000000076cd00000,0x00000007b7500000)
  from space 71680K, 64% used [0x00000007bba00000,0x00000007be716fa0,0x00000007c0000000)
  to   space 70656K, 0% used [0x00000007b7500000,0x00000007b7500000,0x00000007bba00000)
 ParOldGen       total 452096K, used 294405K [0x00000006c6600000, 0x00000006e1f80000, 0x000000076cd00000)
  object space 452096K, 65% used [0x00000006c6600000,0x00000006d8581680,0x00000006e1f80000)
 Metaspace       used 97932K, capacity 111138K, committed 111260K, reserved 1142784K
  class space    used 14096K, capacity 17238K, committed 17356K, reserved 1048576K
}
Event: 119.586 GC heap before
{Heap before GC invocations=71 (full 5):
 PSYoungGen      total 1292288K, used 46171K [0x000000076cd00000, 0x00000007c0000000, 0x00000007c0000000)
  eden space 1220608K, 0% used [0x000000076cd00000,0x000000076cd00000,0x00000007b7500000)
  from space 71680K, 64% used [0x00000007bba00000,0x00000007be716fa0,0x00000007c0000000)
  to   space 70656K, 0% used [0x00000007b7500000,0x00000007b7500000,0x00000007bba00000)
 ParOldGen       total 452096K, used 294405K [0x00000006c6600000, 0x00000006e1f80000, 0x000000076cd00000)
  object space 452096K, 65% used [0x00000006c6600000,0x00000006d8581680,0x00000006e1f80000)
 Metaspace       used 97932K, capacity 111138K, committed 111260K, reserved 1142784K
  class space    used 14096K, capacity 17238K, committed 17356K, reserved 1048576K
Event: 121.261 GC heap after
Heap after GC invocations=71 (full 5):
 PSYoungGen      total 1292288K, used 0K [0x000000076cd00000, 0x00000007c0000000, 0x00000007c0000000)
  eden space 1220608K, 0% used [0x000000076cd00000,0x000000076cd00000,0x00000007b7500000)
  from space 71680K, 0% used [0x00000007bba00000,0x00000007bba00000,0x00000007c0000000)
  to   space 70656K, 0% used [0x00000007b7500000,0x00000007b7500000,0x00000007bba00000)
 ParOldGen       total 452096K, used 323916K [0x00000006c6600000, 0x00000006e1f80000, 0x000000076cd00000)
  object space 452096K, 71% used [0x00000006c6600000,0x00000006da2530e8,0x00000006e1f80000)
 Metaspace       used 97932K, capacity 111138K, committed 111260K, reserved 1142784K
  class space    used 14096K, capacity 17238K, committed 17356K, reserved 1048576K
}
Event: 122.746 GC heap before
{Heap before GC invocations=72 (full 5):
 PSYoungGen      total 1292288K, used 219328K [0x000000076cd00000, 0x00000007c0000000, 0x00000007c0000000)
  eden space 1220608K, 17% used [0x000000076cd00000,0x000000077a330060,0x00000007b7500000)
  from space 71680K, 0% used [0x00000007bba00000,0x00000007bba00000,0x00000007c0000000)
  to   space 70656K, 0% used [0x00000007b7500000,0x00000007b7500000,0x00000007bba00000)
 ParOldGen       total 452096K, used 323916K [0x00000006c6600000, 0x00000006e1f80000, 0x000000076cd00000)
  object space 452096K, 71% used [0x00000006c6600000,0x00000006da2530e8,0x00000006e1f80000)
 Metaspace       used 98041K, capacity 111424K, committed 111516K, reserved 1142784K
  class space    used 14119K, capacity 17267K, committed 17356K, reserved 1048576K
Event: 122.759 GC heap after
Heap after GC invocations=72 (full 5):
 PSYoungGen      total 1228288K, used 7410K [0x000000076cd00000, 0x00000007c0000000, 0x00000007c0000000)
  eden space 1220608K, 0% used [0x000000076cd00000,0x000000076cd00000,0x00000007b7500000)
  from space 7680K, 96% used [0x00000007b7500000,0x00000007b7c3c9a0,0x00000007b7c80000)
  to   space 73216K, 0% used [0x00000007bb880000,0x00000007bb880000,0x00000007c0000000)
 ParOldGen       total 452096K, used 323924K [0x00000006c6600000, 0x00000006e1f80000, 0x000000076cd00000)
  object space 452096K, 71% used [0x00000006c6600000,0x00000006da2550e8,0x00000006e1f80000)
 Metaspace       used 98041K, capacity 111424K, committed 111516K, reserved 1142784K
  class space    used 14119K, capacity 17267K, committed 17356K, reserved 1048576K
}
Event: 122.759 GC heap before
{Heap before GC invocations=73 (full 6):
 PSYoungGen      total 1228288K, used 7410K [0x000000076cd00000, 0x00000007c0000000, 0x00000007c0000000)
  eden space 1220608K, 0% used [0x000000076cd00000,0x000000076cd00000,0x00000007b7500000)
  from space 7680K, 96% used [0x00000007b7500000,0x00000007b7c3c9a0,0x00000007b7c80000)
  to   space 73216K, 0% used [0x00000007bb880000,0x00000007bb880000,0x00000007c0000000)
 ParOldGen       total 452096K, used 323924K [0x00000006c6600000, 0x00000006e1f80000, 0x000000076cd00000)
  object space 452096K, 71% used [0x00000006c6600000,0x00000006da2550e8,0x00000006e1f80000)
 Metaspace       used 98041K, capacity 111424K, committed 111516K, reserved 1142784K
  class space    used 14119K, capacity 17267K, committed 17356K, reserved 1048576K
Event: 124.235 GC heap after
Heap after GC invocations=73 (full 6):
 PSYoungGen      total 1228288K, used 0K [0x000000076cd00000, 0x00000007c0000000, 0x00000007c0000000)
  eden space 1220608K, 0% used [0x000000076cd00000,0x000000076cd00000,0x00000007b7500000)
  from space 7680K, 0% used [0x00000007b7500000,0x00000007b7500000,0x00000007b7c80000)
  to   space 73216K, 0% used [0x00000007bb880000,0x00000007bb880000,0x00000007c0000000)
 ParOldGen       total 452096K, used 291196K [0x00000006c6600000, 0x00000006e1f80000, 0x000000076cd00000)
  object space 452096K, 64% used [0x00000006c6600000,0x00000006d825f030,0x00000006e1f80000)
 Metaspace       used 98041K, capacity 111424K, committed 111516K, reserved 1142784K
  class space    used 14119K, capacity 17267K, committed 17356K, reserved 1048576K
}

